nohup: ignoring input
Dataset shape: (10000, 8)
Default rate: 18.51%
Defaulters: 1851, Non-defaulters: 8149
Saved: data_exploration.png
Train: 8000, Test: 2000

=== Logistic Regression ===
Accuracy: 0.9990 | ROC-AUC: 1.0000 | Log Loss: 0.0131
              precision    recall  f1-score   support

  No Default       1.00      1.00      1.00      1630
     Default       1.00      0.99      1.00       370

    accuracy                           1.00      2000
   macro avg       1.00      1.00      1.00      2000
weighted avg       1.00      1.00      1.00      2000


=== Random Forest ===
Accuracy: 0.9960 | ROC-AUC: 0.9998 | Log Loss: 0.0175
              precision    recall  f1-score   support

  No Default       1.00      1.00      1.00      1630
     Default       0.99      0.99      0.99       370

    accuracy                           1.00      2000
   macro avg       0.99      0.99      0.99      2000
weighted avg       1.00      1.00      1.00      2000

Feature Importance (RF):
                 Feature  Importance
credit_lines_outstanding    0.585093
  total_debt_outstanding    0.280504
          years_employed    0.049697
              fico_score    0.040889
                  income    0.029224
    loan_amt_outstanding    0.014593

Best model (ROC-AUC): Logistic Regression
Saved: model_comparison.png

=== Predictions ===
Risky Borrower: PD=100.00%, Expected Loss=$13,500.00
Good Borrower: PD=0.00%, Expected Loss=$0.01
Average Borrower: PD=60.68%, Expected Loss=$8,191.46
